<?xml version="1.0" encoding="utf-8"?><testsuite errors="0" failures="5" name="pytest" skips="0" tests="7" time="2.747"><testcase classname="test_submit" file="test_submit.py" line="11" name="test_modules" time="0.0029807090759277344"></testcase><testcase classname="test_submit" file="test_submit.py" line="17" name="test_q_1" time="2.3113760948181152"><system-out>164
</system-out></testcase><testcase classname="test_submit" file="test_submit.py" line="20" name="test_q_2" time="0.006003856658935547"><failure message="assert 0 == 648
 +  where 0 = q_2()">E   assert 0 == 648
     +  where 0 = q_2()</failure></testcase><testcase classname="test_submit" file="test_submit.py" line="23" name="test_q_3" time="0.014083385467529297"><failure message="AssertionError: assert [] == [&apos;C. Ronaldo dos Santos Avei..., &apos;Robert Lewandowski&apos;, ...]
  Right contains more items, first extra item: &apos;C. Ronaldo dos Santos Aveiro&apos;
  Full diff:
  - []
  + [&apos;C. Ronaldo dos Santos Aveiro&apos;,
  +  &apos;Lionel Messi&apos;,
  +  &apos;Neymar da Silva Santos Jr.&apos;,
  +  &apos;Luis Suárez&apos;,
  +  &apos;Manuel Neuer&apos;,
  +  &apos;Robert Lewandowski&apos;,
  +  &apos;David De Gea Quintana&apos;,
  +  &apos;Eden Hazard&apos;,
  +  &apos;Toni Kroos&apos;,
  +  &apos;Gonzalo Higuaín&apos;,
  +  &apos;Sergio Ramos García&apos;,
  +  &apos;Kevin De Bruyne&apos;,
  +  &apos;Thibaut Courtois&apos;,
  +  &apos;Alexis Sánchez&apos;,
  +  &apos;Luka Modrić&apos;,
  +  &apos;Gareth Bale&apos;,
  +  &apos;Sergio Agüero&apos;,
  +  &apos;Giorgio Chiellini&apos;,
  +  &apos;Gianluigi Buffon&apos;,
  +  &apos;Paulo Dybala&apos;]">E   AssertionError: assert [] == [&apos;C. Ronaldo dos Santos Avei..., &apos;Robert Lewandowski&apos;, ...]
      Right contains more items, first extra item: &apos;C. Ronaldo dos Santos Aveiro&apos;
      Full diff:
      - []
      + [&apos;C. Ronaldo dos Santos Aveiro&apos;,
      +  &apos;Lionel Messi&apos;,
      +  &apos;Neymar da Silva Santos Jr.&apos;,
      +  &apos;Luis Suárez&apos;,
      +  &apos;Manuel Neuer&apos;,
      +  &apos;Robert Lewandowski&apos;,
      +  &apos;David De Gea Quintana&apos;,
      +  &apos;Eden Hazard&apos;,
      +  &apos;Toni Kroos&apos;,
      +  &apos;Gonzalo Higuaín&apos;,
      +  &apos;Sergio Ramos García&apos;,
      +  &apos;Kevin De Bruyne&apos;,
      +  &apos;Thibaut Courtois&apos;,
      +  &apos;Alexis Sánchez&apos;,
      +  &apos;Luka Modrić&apos;,
      +  &apos;Gareth Bale&apos;,
      +  &apos;Sergio Agüero&apos;,
      +  &apos;Giorgio Chiellini&apos;,
      +  &apos;Gianluigi Buffon&apos;,
      +  &apos;Paulo Dybala&apos;]</failure></testcase><testcase classname="test_submit" file="test_submit.py" line="47" name="test_q_4" time="0.003003358840942383"><failure message="AssertionError: assert [] == [&apos;C. Ronaldo dos Santos Avei...ndowski&apos;, &apos;Toni Kroos&apos;, ...]
  Right contains more items, first extra item: &apos;C. Ronaldo dos Santos Aveiro&apos;
  Full diff:
  - []
  + [&apos;C. Ronaldo dos Santos Aveiro&apos;,
  +  &apos;Lionel Messi&apos;,
  +  &apos;Luis Suárez&apos;,
  +  &apos;Gareth Bale&apos;,
  +  &apos;Robert Lewandowski&apos;,
  +  &apos;Toni Kroos&apos;,
  +  &apos;Luka Modrić&apos;,
  +  &apos;Sergio Agüero&apos;,
  +  &apos;Sergio Ramos García&apos;,
  +  &apos;Eden Hazard&apos;]">E   AssertionError: assert [] == [&apos;C. Ronaldo dos Santos Avei...ndowski&apos;, &apos;Toni Kroos&apos;, ...]
      Right contains more items, first extra item: &apos;C. Ronaldo dos Santos Aveiro&apos;
      Full diff:
      - []
      + [&apos;C. Ronaldo dos Santos Aveiro&apos;,
      +  &apos;Lionel Messi&apos;,
      +  &apos;Luis Suárez&apos;,
      +  &apos;Gareth Bale&apos;,
      +  &apos;Robert Lewandowski&apos;,
      +  &apos;Toni Kroos&apos;,
      +  &apos;Luka Modrić&apos;,
      +  &apos;Sergio Agüero&apos;,
      +  &apos;Sergio Ramos García&apos;,
      +  &apos;Eden Hazard&apos;]</failure></testcase><testcase classname="test_submit" file="test_submit.py" line="61" name="test_q_5" time="0.002988100051879883"><failure message="AssertionError: assert [] == [&apos;Barry Richardson&apos;, &apos;Óscar ... Manuel Sampaio Silva&apos;, ...]
  Right contains more items, first extra item: &apos;Barry Richardson&apos;
  Full diff:
  - []
  + [&apos;Barry Richardson&apos;,
  +  &apos;Óscar Pérez&apos;,
  +  &apos;Essam El Hadary&apos;,
  +  &apos;Danny Coyne&apos;,
  +  &apos;Jimmy Walker&apos;,
  +  &apos;Joaquim Manuel Sampaio Silva&apos;,
  +  &apos;Kjetil Wæhler&apos;,
  +  &apos;Chris Day&apos;,
  +  &apos;Marco Storari&apos;,
  +  &apos;Benjamin Nivet&apos;]">E   AssertionError: assert [] == [&apos;Barry Richardson&apos;, &apos;Óscar ... Manuel Sampaio Silva&apos;, ...]
      Right contains more items, first extra item: &apos;Barry Richardson&apos;
      Full diff:
      - []
      + [&apos;Barry Richardson&apos;,
      +  &apos;Óscar Pérez&apos;,
      +  &apos;Essam El Hadary&apos;,
      +  &apos;Danny Coyne&apos;,
      +  &apos;Jimmy Walker&apos;,
      +  &apos;Joaquim Manuel Sampaio Silva&apos;,
      +  &apos;Kjetil Wæhler&apos;,
      +  &apos;Chris Day&apos;,
      +  &apos;Marco Storari&apos;,
      +  &apos;Benjamin Nivet&apos;]</failure></testcase><testcase classname="test_submit" file="test_submit.py" line="75" name="test_q_6" time="0.003001689910888672"><failure message="assert {} == {16: 18, 17: 270, 18: 682, 19: 1088, ...}
  Right contains more items:
  {16: 18,
   17: 270,
   18: 682,
   19: 1088,
   20: 1252,
   21: 1275,
   22: 1324,
   23: 1395,
   24: 1321,
   25: 1515,
   26: 1199,
   27: 1153,
   28: 1053,
   29: 1127,
   30: 807,
   31: 666,
   32: 506,
   33: 610,
   34: 271,
   35: 188,
   36: 137,
   37: 69,
   38: 38,
   39: 18,
   40: 4,
   41: 3,
   43: 2,
   44: 2,
   47: 1}
  Full diff:
  - {}
  + {16: 18,
  +  17: 270,
  +  18: 682,
  +  19: 1088,
  +  20: 1252,
  +  21: 1275,
  +  22: 1324,
  +  23: 1395,
  +  24: 1321,
  +  25: 1515,
  +  26: 1199,
  +  27: 1153,
  +  28: 1053,
  +  29: 1127,
  +  30: 807,
  +  31: 666,
  +  32: 506,
  +  33: 610,
  +  34: 271,
  +  35: 188,
  +  36: 137,
  +  37: 69,
  +  38: 38,
  +  39: 18,
  +  40: 4,
  +  41: 3,
  +  43: 2,
  +  44: 2,
  +  47: 1}">E   assert {} == {16: 18, 17: 270, 18: 682, 19: 1088, ...}
      Right contains more items:
      {16: 18,
       17: 270,
       18: 682,
       19: 1088,
       20: 1252,
       21: 1275,
       22: 1324,
       23: 1395,
       24: 1321,
       25: 1515,
       26: 1199,
       27: 1153,
       28: 1053,
       29: 1127,
       30: 807,
       31: 666,
       32: 506,
       33: 610,
       34: 271,
       35: 188,
       36: 137,
       37: 69,
       38: 38,
       39: 18,
       40: 4,
       41: 3,
       43: 2,
       44: 2,
       47: 1}
      Full diff:
      - {}
      + {16: 18,
      +  17: 270,
      +  18: 682,
      +  19: 1088,
      +  20: 1252,
      +  21: 1275,
      +  22: 1324,
      +  23: 1395,
      +  24: 1321,
      +  25: 1515,
      +  26: 1199,
      +  27: 1153,
      +  28: 1053,
      +  29: 1127,
      +  30: 807,
      +  31: 666,
      +  32: 506,
      +  33: 610,
      +  34: 271,
      +  35: 188,
      +  36: 137,
      +  37: 69,
      +  38: 38,
      +  39: 18,
      +  40: 4,
      +  41: 3,
      +  43: 2,
      +  44: 2,
      +  47: 1}</failure></testcase></testsuite>